<?xml version="1.0" encoding="UTF-8"?>
<testng-results ignored="0" total="2" passed="2" failed="0" skipped="0">
  <reporter-output>
  </reporter-output>
  <suite started-at="2021-07-02T22:29:57 IST" name="Command line suite" finished-at="2021-07-02T22:30:03 IST" duration-ms="6076">
    <groups>
    </groups>
    <test started-at="2021-07-02T22:29:57 IST" name="Command line test" finished-at="2021-07-02T22:30:03 IST" duration-ms="6076">
      <class name="GutenbergTestAutomation.Gutenberg.AppTest">
        <test-method signature="shouldAnswerWithTrue()[pri:0, instance:GutenbergTestAutomation.Gutenberg.AppTest@77ec78b9]" started-at="2021-07-02T22:29:57 IST" name="shouldAnswerWithTrue" finished-at="2021-07-02T22:29:57 IST" duration-ms="3" status="PASS">
          <reporter-output>
          </reporter-output>
        </test-method> <!-- shouldAnswerWithTrue -->
      </class> <!-- GutenbergTestAutomation.Gutenberg.AppTest -->
      <class name="TestCases.HomePageTest">
        <test-method is-config="true" signature="setUp()[pri:0, instance:TestCases.HomePageTest@4eb7f003]" started-at="2021-07-02T22:29:57 IST" name="setUp" finished-at="2021-07-02T22:30:03 IST" duration-ms="5979" status="PASS">
          <reporter-output>
          </reporter-output>
        </test-method> <!-- setUp -->
        <test-method signature="verifyHomePageTitleTest()[pri:0, instance:TestCases.HomePageTest@4eb7f003]" started-at="2021-07-02T22:30:03 IST" name="verifyHomePageTitleTest" finished-at="2021-07-02T22:30:03 IST" duration-ms="8" status="PASS">
          <reporter-output>
          </reporter-output>
        </test-method> <!-- verifyHomePageTitleTest -->
        <test-method is-config="true" signature="tearDown()[pri:0, instance:TestCases.HomePageTest@4eb7f003]" started-at="2021-07-02T22:30:03 IST" name="tearDown" finished-at="2021-07-02T22:30:03 IST" duration-ms="64" status="PASS">
          <reporter-output>
          </reporter-output>
        </test-method> <!-- tearDown -->
      </class> <!-- TestCases.HomePageTest -->
    </test> <!-- Command line test -->
  </suite> <!-- Command line suite -->
</testng-results>
