<?xml version="1.0" encoding="UTF-8" ?>
<testsuite tests="1" failures="1" name="TestCases.HomePageTest" time="0.012" errors="0" skipped="0">
  <properties>
[...]
</properties>
  <testcase classname="TestCases.HomePageTest" name="verifyHomePageTitleTest" time="0.012">
    <failure message="Home page title not matched expected [CRMPRO] but found [Free eBooks | Project Gutenberg]" type="java.lang.AssertionError">java.lang.AssertionError: Home page title not matched expected [CRMPRO] but found [Free eBooks | Project Gutenberg]
	at org.testng.Assert.fail(Assert.java:99)
	at org.testng.Assert.failNotEquals(Assert.java:1037)
	at org.testng.Assert.assertEqualsImpl(Assert.java:140)
	at org.testng.Assert.assertEquals(Assert.java:122)
	at org.testng.Assert.assertEquals(Assert.java:629)
	at TestCases.HomePageTest.verifyHomePageTitleTest(HomePageTest.java:29)
</failure>
    <system-out>Configuring TestNG with: org.apache.maven.surefire.testng.conf.TestNG652Configurator@12f40c25
</system-out>
    <system-err>SLF4J: Failed to load class &quot;org.slf4j.impl.StaticLoggerBinder&quot;.
SLF4J: Defaulting to no-operation (NOP) logger implementation
SLF4J: See http://www.slf4j.org/codes.html#StaticLoggerBinder for further details.
Starting ChromeDriver 90.0.4430.24 (4c6d850f087da467d926e8eddb76550aed655991-refs/branch-heads/4430@{#429}) on port 4006
Only local connections are allowed.
Please see https://chromedriver.chromium.org/security-considerations for suggestions on keeping ChromeDriver safe.
ChromeDriver was started successfully.
Jul 02, 2021 10:21:49 PM org.openqa.selenium.remote.ProtocolHandshake createSession
INFO: Detected dialect: W3C
</system-err>
  </testcase>
</testsuite>