<?xml version="1.0" encoding="UTF-8"?>
<!-- Generated by org.testng.reporters.JUnitXMLReporter -->
<testsuite hostname="li-c536d74c-2485-11b2-a85c-9799a1fe55bc.ibm.com" ignored="0" name="Command line test" tests="1" failures="1" timestamp="2021-07-02T22:21:53 IST" time="6.086" errors="0">
  <testcase name="verifyHomePageTitleTest" time="0.009" classname="TestCases.HomePageTest">
    <failure type="java.lang.AssertionError" message="Home page title not matched expected [CRMPRO] but found [Free eBooks | Project Gutenberg]">
      <![CDATA[java.lang.AssertionError: Home page title not matched expected [CRMPRO] but found [Free eBooks | Project Gutenberg]
at TestCases.HomePageTest.verifyHomePageTitleTest(HomePageTest.java:29)
at java.util.ArrayList.forEach(ArrayList.java:1259)
... Removed 41 stack frames]]>
    </failure>
  </testcase> <!-- verifyHomePageTitleTest -->
</testsuite> <!-- Command line test -->
