<?xml version="1.0" encoding="UTF-8"?>
<!-- Generated by org.testng.reporters.JUnitXMLReporter -->
<testsuite hostname="li-c536d74c-2485-11b2-a85c-9799a1fe55bc.ibm.com" ignored="0" name="Test" tests="6" failures="0" timestamp="2021-07-03T21:20:59 IST" time="24.332" errors="0">
  <testcase name="verifyBookIsGettingSearch" time="4.336" classname="TestCases.SearchPageTest"/>
  <testcase name="VerifyOnClickingMoreLatestBookLinkNewPageIsGettingOpened" time="0.002" classname="TestCases.HomePageTest"/>
  <testcase name="verifyBookDetails" time="0.002" classname="TestCases.HomePageTest"/>
  <testcase name="verifyDisplayBookCounts" time="0.023" classname="TestCases.HomePageTest"/>
  <testcase name="verifyHomePageTitle" time="0.007" classname="TestCases.HomePageTest"/>
  <testcase name="verifyThePageHeader" time="0.035" classname="TestCases.HomePageTest"/>
</testsuite> <!-- Test -->
