<?xml version="1.0" encoding="UTF-8"?>
<!-- Generated by org.testng.reporters.JUnitXMLReporter -->
<testsuite ignored="0" hostname="li-c536d74c-2485-11b2-a85c-9799a1fe55bc.ibm.com" failures="0" tests="2" name="Command line test" time="6.076" errors="0" timestamp="2021-07-02T22:30:03 IST">
  <testcase classname="GutenbergTestAutomation.Gutenberg.AppTest" name="shouldAnswerWithTrue" time="0.003"/>
  <testcase classname="TestCases.HomePageTest" name="verifyHomePageTitleTest" time="0.008"/>
</testsuite> <!-- Command line test -->
